<?xml version="1.0" encoding="UTF-8"?>
<!-- Generated by org.testng.reporters.JUnitReportReporter -->
<testsuite hostname="DESKTOP-1NATKDF" failures="0" tests="1" name="tests.TC23_VerifyAddressDetailsInCheckoutPage" time="15.758" errors="0" timestamp="2025-09-16T06:16:25 EEST" skipped="0">
  <testcase classname="tests.TC23_VerifyAddressDetailsInCheckoutPage" name="TC23_VerifyAddressDetailsInCheckoutPage" time="15.758"/>
</testsuite> <!-- tests.TC23_VerifyAddressDetailsInCheckoutPage -->
