<?xml version="1.0" encoding="UTF-8"?>
<!-- Generated by org.testng.reporters.JUnitReportReporter -->
<testsuite hostname="DESKTOP-1NATKDF" failures="0" tests="1" name="tests.TC02_ValidLogin" time="13.549" errors="0" timestamp="2025-09-09T09:01:30 EEST" skipped="0">
  <testcase classname="tests.TC02_ValidLogin" name="TC02_ValidLogin" time="13.549"/>
</testsuite> <!-- tests.TC02_ValidLogin -->
