<?xml version="1.0" encoding="UTF-8"?>
<!-- Generated by org.testng.reporters.JUnitReportReporter -->
<testsuite hostname="DESKTOP-1NATKDF" failures="0" tests="1" name="tests.TC01_RegisterUser" time="18.874" errors="0" timestamp="2025-09-09T09:01:30 EEST" skipped="0">
  <testcase classname="tests.TC01_RegisterUser" name="TC01_Register_User" time="18.874"/>
</testsuite> <!-- tests.TC01_RegisterUser -->
