<?xml version="1.0" encoding="UTF-8"?>
<!-- Generated by org.testng.reporters.JUnitReportReporter -->
<testsuite hostname="DESKTOP-1NATKDF" failures="0" tests="1" name="tests.TC25_VerifyScrollUpUsingArrowButtonAndScrollDownFunctionality" time="14.429" errors="0" timestamp="2025-09-17T21:45:54 EEST" skipped="0">
  <testcase classname="tests.TC25_VerifyScrollUpUsingArrowButtonAndScrollDownFunctionality" name="TC25_VerifyScrollUpUsingArrowButtonAndScrollDownFunctionality" time="14.429"/>
</testsuite> <!-- tests.TC25_VerifyScrollUpUsingArrowButtonAndScrollDownFunctionality -->
