<?xml version="1.0" encoding="UTF-8"?>
<!-- Generated by org.testng.reporters.JUnitReportReporter -->
<testsuite hostname="DESKTOP-1NATKDF" failures="0" tests="1" name="tests.TC22_AddToCartFromRecommendedItems" time="30.782" errors="0" timestamp="2025-09-16T05:09:57 EEST" skipped="0">
  <testcase classname="tests.TC22_AddToCartFromRecommendedItems" name="TC22_AddToCartFromRecommendedItems" time="30.782"/>
</testsuite> <!-- tests.TC22_AddToCartFromRecommendedItems -->
