<?xml version="1.0" encoding="UTF-8"?>
<!-- Generated by org.testng.reporters.JUnitReportReporter -->
<testsuite hostname="DESKTOP-1NATKDF" failures="0" tests="1" name="tests.TC09_SearchProduct" time="84.347" errors="0" timestamp="2025-09-13T02:27:14 EEST" skipped="0">
  <testcase classname="tests.TC09_SearchProduct" name="TC09_SearchProduct" time="84.347"/>
</testsuite> <!-- tests.TC09_SearchProduct -->
