<?xml version="1.0" encoding="UTF-8"?>
<!-- Generated by org.testng.reporters.JUnitReportReporter -->
<testsuite hostname="DESKTOP-1NATKDF" failures="0" tests="1" name="tests.TC05_RegisterUserWithExistingEmail" time="21.934" errors="0" timestamp="2025-09-13T02:27:14 EEST" skipped="0">
  <testcase classname="tests.TC05_RegisterUserWithExistingEmail" name="TC05_RegisterUserWithExistingEmail" time="21.934"/>
</testsuite> <!-- tests.TC05_RegisterUserWithExistingEmail -->
