<?xml version="1.0" encoding="UTF-8"?>
<!-- Generated by org.testng.reporters.JUnitReportReporter -->
<testsuite hostname="DESKTOP-1NATKDF" failures="0" tests="1" name="tests.TC06_ContactUsForm" time="48.717" errors="0" timestamp="2025-09-13T02:27:14 EEST" skipped="0">
  <testcase classname="tests.TC06_ContactUsForm" name="TC06_ContactUsForm" time="48.717"/>
</testsuite> <!-- tests.TC06_ContactUsForm -->
