<?xml version="1.0" encoding="UTF-8"?>
<!-- Generated by org.testng.reporters.JUnitReportReporter -->
<testsuite hostname="DESKTOP-1NATKDF" failures="0" tests="1" name="tests.TC25_VerifyScrollUpUsingArrowButtonAndScrollDownFunctionality" time="8.145" errors="0" timestamp="2025-09-18T05:23:16 EEST" skipped="0">
  <testcase classname="tests.TC25_VerifyScrollUpUsingArrowButtonAndScrollDownFunctionality" name="TC25_VerifyScrollUpUsingArrowButtonAndScrollDownFunctionality" time="8.145"/>
</testsuite> <!-- tests.TC25_VerifyScrollUpUsingArrowButtonAndScrollDownFunctionality -->
