<?xml version="1.0" encoding="UTF-8"?>
<!-- Generated by org.testng.reporters.JUnitReportReporter -->
<testsuite hostname="DESKTOP-1NATKDF" failures="0" tests="1" name="tests.TC04_LogoutUser" time="71.151" errors="0" timestamp="2025-09-13T02:27:14 EEST" skipped="0">
  <testcase classname="tests.TC04_LogoutUser" name="TC02_ValidLogin" time="71.151"/>
</testsuite> <!-- tests.TC04_LogoutUser -->
