<?xml version="1.0" encoding="UTF-8"?>
<!-- Generated by org.testng.reporters.JUnitReportReporter -->
<testsuite hostname="DESKTOP-1NATKDF" failures="0" tests="1" name="tests.TC26_VerifyScrollUpWIthoutArrowButtonAndScrollDownFunctionality" time="11.888" errors="0" timestamp="2025-09-17T21:45:54 EEST" skipped="0">
  <testcase classname="tests.TC26_VerifyScrollUpWIthoutArrowButtonAndScrollDownFunctionality" name="TC26_VerifyScrollUpWIthoutArrowButtonAndScrollDownFunctionality" time="11.888"/>
</testsuite> <!-- tests.TC26_VerifyScrollUpWIthoutArrowButtonAndScrollDownFunctionality -->
